::1 - - [28/Sep/2025 18:40:54] "GET /roi.html HTTP/1.1" 200 -
::1 - - [28/Sep/2025 18:40:54] "GET /css/styles.css HTTP/1.1" 200 -
::1 - - [28/Sep/2025 18:40:54] "GET /assets/logo.png HTTP/1.1" 200 -
::1 - - [28/Sep/2025 18:40:54] "GET /js/main.js HTTP/1.1" 200 -
::1 - - [28/Sep/2025 18:40:54] "GET /assets/heao-logo.jpg HTTP/1.1" 200 -
::1 - - [28/Sep/2025 18:40:54] "GET /assets/favicon.png HTTP/1.1" 200 -
::1 - - [28/Sep/2025 18:40:54] code 404, message File not found
::1 - - [28/Sep/2025 18:40:54] "GET /apple-touch-icon-precomposed.png HTTP/1.1" 404 -
::1 - - [28/Sep/2025 18:40:54] code 404, message File not found
::1 - - [28/Sep/2025 18:40:54] "GET /apple-touch-icon.png HTTP/1.1" 404 -
::1 - - [28/Sep/2025 18:43:16] "GET / HTTP/1.1" 200 -
::1 - - [28/Sep/2025 18:43:16] "GET /css/styles.css HTTP/1.1" 200 -
::1 - - [28/Sep/2025 18:43:16] "GET /assets/chart_biggest_uncertainty_ar.png HTTP/1.1" 200 -
::1 - - [28/Sep/2025 18:43:16] "GET /assets/chart_solution_pref_ar.png HTTP/1.1" 200 -
::1 - - [28/Sep/2025 18:43:16] "GET /js/main.js HTTP/1.1" 304 -
::1 - - [28/Sep/2025 18:43:16] "GET /assets/chart_bill_sensitivity_ar.png HTTP/1.1" 200 -
::1 - - [28/Sep/2025 18:43:16] "GET /assets/logo.png HTTP/1.1" 304 -
::1 - - [28/Sep/2025 18:43:16] "GET /assets/chart_heater_timers_ar.png HTTP/1.1" 200 -
::1 - - [28/Sep/2025 18:46:23] "GET / HTTP/1.1" 200 -
::1 - - [28/Sep/2025 18:46:23] "GET /css/styles.css HTTP/1.1" 200 -
::1 - - [28/Sep/2025 18:46:23] "GET /assets/chart_bill_sensitivity_ar.png HTTP/1.1" 304 -
::1 - - [28/Sep/2025 18:46:23] "GET /assets/chart_heater_timers_ar.png HTTP/1.1" 304 -
::1 - - [28/Sep/2025 18:46:23] "GET /js/main.js HTTP/1.1" 304 -
::1 - - [28/Sep/2025 18:46:23] "GET /assets/chart_solution_pref_ar.png HTTP/1.1" 304 -
::1 - - [28/Sep/2025 18:46:23] "GET /assets/chart_biggest_uncertainty_ar.png HTTP/1.1" 304 -
::1 - - [28/Sep/2025 18:46:23] "GET /assets/logo.png HTTP/1.1" 304 -
::1 - - [28/Sep/2025 18:46:49] "GET / HTTP/1.1" 200 -
::1 - - [28/Sep/2025 18:46:49] "GET /css/styles.css HTTP/1.1" 304 -
::1 - - [28/Sep/2025 19:00:14] "GET / HTTP/1.1" 200 -
::1 - - [28/Sep/2025 19:00:14] "GET /assets/chart_bill_sensitivity_ar.png HTTP/1.1" 304 -
::1 - - [28/Sep/2025 19:00:14] "GET /assets/chart_heater_timers_ar.png HTTP/1.1" 304 -
::1 - - [28/Sep/2025 19:00:14] "GET /assets/chart_biggest_uncertainty_ar.png HTTP/1.1" 304 -
::1 - - [28/Sep/2025 19:00:14] "GET /assets/chart_solution_pref_ar.png HTTP/1.1" 304 -
::1 - - [28/Sep/2025 19:00:14] "GET /css/styles.css HTTP/1.1" 200 -
::1 - - [28/Sep/2025 19:00:14] "GET /js/main.js HTTP/1.1" 200 -
::1 - - [28/Sep/2025 19:00:14] "GET /assets/logo.png HTTP/1.1" 304 -
::1 - - [28/Sep/2025 19:00:30] "GET /roi.html HTTP/1.1" 304 -
::1 - - [28/Sep/2025 19:00:30] "GET /assets/favicon.png HTTP/1.1" 304 -
::1 - - [28/Sep/2025 19:00:30] "GET /assets/heao-logo.jpg HTTP/1.1" 304 -
